CRITICAL - 2023-01-16 07:43:39 --> strpos(): Argument #1 ($haystack) must be of type string, array given
#0 /var/www/html/aroma/system/Router/Router.php(421): strpos()
#1 /var/www/html/aroma/system/Router/Router.php(154): CodeIgniter\Router\Router->checkRoutes()
#2 /var/www/html/aroma/system/CodeIgniter.php(719): CodeIgniter\Router\Router->handle()
#3 /var/www/html/aroma/system/CodeIgniter.php(361): CodeIgniter\CodeIgniter->tryToRouteIt()
#4 /var/www/html/aroma/system/CodeIgniter.php(320): CodeIgniter\CodeIgniter->handleRequest()
#5 /var/www/html/aroma/public/index.php(37): CodeIgniter\CodeIgniter->run()
#6 {main}
CRITICAL - 2023-01-16 07:45:11 --> strpos(): Argument #1 ($haystack) must be of type string, array given
#0 /var/www/html/aroma/system/Router/Router.php(421): strpos()
#1 /var/www/html/aroma/system/Router/Router.php(154): CodeIgniter\Router\Router->checkRoutes()
#2 /var/www/html/aroma/system/CodeIgniter.php(719): CodeIgniter\Router\Router->handle()
#3 /var/www/html/aroma/system/CodeIgniter.php(361): CodeIgniter\CodeIgniter->tryToRouteIt()
#4 /var/www/html/aroma/system/CodeIgniter.php(320): CodeIgniter\CodeIgniter->handleRequest()
#5 /var/www/html/aroma/public/index.php(37): CodeIgniter\CodeIgniter->run()
#6 {main}
CRITICAL - 2023-01-16 07:45:20 --> strpos(): Argument #1 ($haystack) must be of type string, array given
#0 /var/www/html/aroma/system/Router/Router.php(421): strpos()
#1 /var/www/html/aroma/system/Router/Router.php(154): CodeIgniter\Router\Router->checkRoutes()
#2 /var/www/html/aroma/system/CodeIgniter.php(719): CodeIgniter\Router\Router->handle()
#3 /var/www/html/aroma/system/CodeIgniter.php(361): CodeIgniter\CodeIgniter->tryToRouteIt()
#4 /var/www/html/aroma/system/CodeIgniter.php(320): CodeIgniter\CodeIgniter->handleRequest()
#5 /var/www/html/aroma/public/index.php(37): CodeIgniter\CodeIgniter->run()
#6 {main}
CRITICAL - 2023-01-16 07:45:28 --> strpos(): Argument #1 ($haystack) must be of type string, array given
#0 /var/www/html/aroma/system/Router/Router.php(421): strpos()
#1 /var/www/html/aroma/system/Router/Router.php(154): CodeIgniter\Router\Router->checkRoutes()
#2 /var/www/html/aroma/system/CodeIgniter.php(719): CodeIgniter\Router\Router->handle()
#3 /var/www/html/aroma/system/CodeIgniter.php(361): CodeIgniter\CodeIgniter->tryToRouteIt()
#4 /var/www/html/aroma/system/CodeIgniter.php(320): CodeIgniter\CodeIgniter->handleRequest()
#5 /var/www/html/aroma/public/index.php(37): CodeIgniter\CodeIgniter->run()
#6 {main}
CRITICAL - 2023-01-16 07:46:09 --> strpos(): Argument #1 ($haystack) must be of type string, array given
#0 /var/www/html/aroma/system/Router/Router.php(421): strpos()
#1 /var/www/html/aroma/system/Router/Router.php(154): CodeIgniter\Router\Router->checkRoutes()
#2 /var/www/html/aroma/system/CodeIgniter.php(719): CodeIgniter\Router\Router->handle()
#3 /var/www/html/aroma/system/CodeIgniter.php(361): CodeIgniter\CodeIgniter->tryToRouteIt()
#4 /var/www/html/aroma/system/CodeIgniter.php(320): CodeIgniter\CodeIgniter->handleRequest()
#5 /var/www/html/aroma/public/index.php(37): CodeIgniter\CodeIgniter->run()
#6 {main}
CRITICAL - 2023-01-16 07:46:25 --> strpos(): Argument #1 ($haystack) must be of type string, array given
#0 /var/www/html/aroma/system/Router/Router.php(421): strpos()
#1 /var/www/html/aroma/system/Router/Router.php(154): CodeIgniter\Router\Router->checkRoutes()
#2 /var/www/html/aroma/system/CodeIgniter.php(719): CodeIgniter\Router\Router->handle()
#3 /var/www/html/aroma/system/CodeIgniter.php(361): CodeIgniter\CodeIgniter->tryToRouteIt()
#4 /var/www/html/aroma/system/CodeIgniter.php(320): CodeIgniter\CodeIgniter->handleRequest()
#5 /var/www/html/aroma/public/index.php(37): CodeIgniter\CodeIgniter->run()
#6 {main}
CRITICAL - 2023-01-16 07:47:30 --> strpos(): Argument #1 ($haystack) must be of type string, array given
#0 /var/www/html/aroma/system/Router/Router.php(421): strpos()
#1 /var/www/html/aroma/system/Router/Router.php(154): CodeIgniter\Router\Router->checkRoutes()
#2 /var/www/html/aroma/system/CodeIgniter.php(719): CodeIgniter\Router\Router->handle()
#3 /var/www/html/aroma/system/CodeIgniter.php(361): CodeIgniter\CodeIgniter->tryToRouteIt()
#4 /var/www/html/aroma/system/CodeIgniter.php(320): CodeIgniter\CodeIgniter->handleRequest()
#5 /var/www/html/aroma/public/index.php(37): CodeIgniter\CodeIgniter->run()
#6 {main}
CRITICAL - 2023-01-16 07:50:59 --> strpos(): Argument #1 ($haystack) must be of type string, array given
#0 /var/www/html/aroma/system/Router/Router.php(421): strpos()
#1 /var/www/html/aroma/system/Router/Router.php(154): CodeIgniter\Router\Router->checkRoutes()
#2 /var/www/html/aroma/system/CodeIgniter.php(719): CodeIgniter\Router\Router->handle()
#3 /var/www/html/aroma/system/CodeIgniter.php(361): CodeIgniter\CodeIgniter->tryToRouteIt()
#4 /var/www/html/aroma/system/CodeIgniter.php(320): CodeIgniter\CodeIgniter->handleRequest()
#5 /var/www/html/aroma/public/index.php(37): CodeIgniter\CodeIgniter->run()
#6 {main}
CRITICAL - 2023-01-16 07:53:48 --> strpos(): Argument #1 ($haystack) must be of type string, array given
#0 /var/www/html/aroma/system/Router/Router.php(421): strpos()
#1 /var/www/html/aroma/system/Router/Router.php(154): CodeIgniter\Router\Router->checkRoutes()
#2 /var/www/html/aroma/system/CodeIgniter.php(719): CodeIgniter\Router\Router->handle()
#3 /var/www/html/aroma/system/CodeIgniter.php(361): CodeIgniter\CodeIgniter->tryToRouteIt()
#4 /var/www/html/aroma/system/CodeIgniter.php(320): CodeIgniter\CodeIgniter->handleRequest()
#5 /var/www/html/aroma/public/index.php(37): CodeIgniter\CodeIgniter->run()
#6 {main}
CRITICAL - 2023-01-16 07:56:26 --> strpos(): Argument #1 ($haystack) must be of type string, array given
#0 /var/www/html/aroma/system/Router/Router.php(421): strpos()
#1 /var/www/html/aroma/system/Router/Router.php(154): CodeIgniter\Router\Router->checkRoutes()
#2 /var/www/html/aroma/system/CodeIgniter.php(719): CodeIgniter\Router\Router->handle()
#3 /var/www/html/aroma/system/CodeIgniter.php(361): CodeIgniter\CodeIgniter->tryToRouteIt()
#4 /var/www/html/aroma/system/CodeIgniter.php(320): CodeIgniter\CodeIgniter->handleRequest()
#5 /var/www/html/aroma/public/index.php(37): CodeIgniter\CodeIgniter->run()
#6 {main}
CRITICAL - 2023-01-16 07:58:36 --> strpos(): Argument #1 ($haystack) must be of type string, array given
#0 /var/www/html/aroma/system/Router/Router.php(421): strpos()
#1 /var/www/html/aroma/system/Router/Router.php(154): CodeIgniter\Router\Router->checkRoutes()
#2 /var/www/html/aroma/system/CodeIgniter.php(719): CodeIgniter\Router\Router->handle()
#3 /var/www/html/aroma/system/CodeIgniter.php(361): CodeIgniter\CodeIgniter->tryToRouteIt()
#4 /var/www/html/aroma/system/CodeIgniter.php(320): CodeIgniter\CodeIgniter->handleRequest()
#5 /var/www/html/aroma/public/index.php(37): CodeIgniter\CodeIgniter->run()
#6 {main}
CRITICAL - 2023-01-16 07:59:22 --> strpos(): Argument #1 ($haystack) must be of type string, array given
#0 /var/www/html/aroma/system/Router/Router.php(421): strpos()
#1 /var/www/html/aroma/system/Router/Router.php(154): CodeIgniter\Router\Router->checkRoutes()
#2 /var/www/html/aroma/system/CodeIgniter.php(719): CodeIgniter\Router\Router->handle()
#3 /var/www/html/aroma/system/CodeIgniter.php(361): CodeIgniter\CodeIgniter->tryToRouteIt()
#4 /var/www/html/aroma/system/CodeIgniter.php(320): CodeIgniter\CodeIgniter->handleRequest()
#5 /var/www/html/aroma/public/index.php(37): CodeIgniter\CodeIgniter->run()
#6 {main}
CRITICAL - 2023-01-16 08:00:03 --> strpos(): Argument #1 ($haystack) must be of type string, array given
#0 /var/www/html/aroma/system/Router/Router.php(421): strpos()
#1 /var/www/html/aroma/system/Router/Router.php(154): CodeIgniter\Router\Router->checkRoutes()
#2 /var/www/html/aroma/system/CodeIgniter.php(719): CodeIgniter\Router\Router->handle()
#3 /var/www/html/aroma/system/CodeIgniter.php(361): CodeIgniter\CodeIgniter->tryToRouteIt()
#4 /var/www/html/aroma/system/CodeIgniter.php(320): CodeIgniter\CodeIgniter->handleRequest()
#5 /var/www/html/aroma/public/index.php(37): CodeIgniter\CodeIgniter->run()
#6 {main}
CRITICAL - 2023-01-16 08:00:15 --> strpos(): Argument #1 ($haystack) must be of type string, array given
#0 /var/www/html/aroma/system/Router/Router.php(421): strpos()
#1 /var/www/html/aroma/system/Router/Router.php(154): CodeIgniter\Router\Router->checkRoutes()
#2 /var/www/html/aroma/system/CodeIgniter.php(719): CodeIgniter\Router\Router->handle()
#3 /var/www/html/aroma/system/CodeIgniter.php(361): CodeIgniter\CodeIgniter->tryToRouteIt()
#4 /var/www/html/aroma/system/CodeIgniter.php(320): CodeIgniter\CodeIgniter->handleRequest()
#5 /var/www/html/aroma/public/index.php(37): CodeIgniter\CodeIgniter->run()
#6 {main}
CRITICAL - 2023-01-16 08:08:32 --> strpos(): Argument #1 ($haystack) must be of type string, array given
#0 /var/www/html/aroma/system/Router/Router.php(421): strpos()
#1 /var/www/html/aroma/system/Router/Router.php(154): CodeIgniter\Router\Router->checkRoutes()
#2 /var/www/html/aroma/system/CodeIgniter.php(719): CodeIgniter\Router\Router->handle()
#3 /var/www/html/aroma/system/CodeIgniter.php(361): CodeIgniter\CodeIgniter->tryToRouteIt()
#4 /var/www/html/aroma/system/CodeIgniter.php(320): CodeIgniter\CodeIgniter->handleRequest()
#5 /var/www/html/aroma/public/index.php(37): CodeIgniter\CodeIgniter->run()
#6 {main}
CRITICAL - 2023-01-16 08:08:57 --> strpos(): Argument #1 ($haystack) must be of type string, array given
#0 /var/www/html/aroma/system/Router/Router.php(421): strpos()
#1 /var/www/html/aroma/system/Router/Router.php(154): CodeIgniter\Router\Router->checkRoutes()
#2 /var/www/html/aroma/system/CodeIgniter.php(719): CodeIgniter\Router\Router->handle()
#3 /var/www/html/aroma/system/CodeIgniter.php(361): CodeIgniter\CodeIgniter->tryToRouteIt()
#4 /var/www/html/aroma/system/CodeIgniter.php(320): CodeIgniter\CodeIgniter->handleRequest()
#5 /var/www/html/aroma/public/index.php(37): CodeIgniter\CodeIgniter->run()
#6 {main}
CRITICAL - 2023-01-16 08:09:14 --> strpos(): Argument #1 ($haystack) must be of type string, array given
#0 /var/www/html/aroma/system/Router/Router.php(421): strpos()
#1 /var/www/html/aroma/system/Router/Router.php(154): CodeIgniter\Router\Router->checkRoutes()
#2 /var/www/html/aroma/system/CodeIgniter.php(719): CodeIgniter\Router\Router->handle()
#3 /var/www/html/aroma/system/CodeIgniter.php(361): CodeIgniter\CodeIgniter->tryToRouteIt()
#4 /var/www/html/aroma/system/CodeIgniter.php(320): CodeIgniter\CodeIgniter->handleRequest()
#5 /var/www/html/aroma/public/index.php(37): CodeIgniter\CodeIgniter->run()
#6 {main}
CRITICAL - 2023-01-16 08:09:39 --> strpos(): Argument #1 ($haystack) must be of type string, array given
#0 /var/www/html/aroma/system/Router/Router.php(421): strpos()
#1 /var/www/html/aroma/system/Router/Router.php(154): CodeIgniter\Router\Router->checkRoutes()
#2 /var/www/html/aroma/system/CodeIgniter.php(719): CodeIgniter\Router\Router->handle()
#3 /var/www/html/aroma/system/CodeIgniter.php(361): CodeIgniter\CodeIgniter->tryToRouteIt()
#4 /var/www/html/aroma/system/CodeIgniter.php(320): CodeIgniter\CodeIgniter->handleRequest()
#5 /var/www/html/aroma/public/index.php(37): CodeIgniter\CodeIgniter->run()
#6 {main}
CRITICAL - 2023-01-16 08:09:49 --> strpos(): Argument #1 ($haystack) must be of type string, array given
#0 /var/www/html/aroma/system/Router/Router.php(421): strpos()
#1 /var/www/html/aroma/system/Router/Router.php(154): CodeIgniter\Router\Router->checkRoutes()
#2 /var/www/html/aroma/system/CodeIgniter.php(719): CodeIgniter\Router\Router->handle()
#3 /var/www/html/aroma/system/CodeIgniter.php(361): CodeIgniter\CodeIgniter->tryToRouteIt()
#4 /var/www/html/aroma/system/CodeIgniter.php(320): CodeIgniter\CodeIgniter->handleRequest()
#5 /var/www/html/aroma/public/index.php(37): CodeIgniter\CodeIgniter->run()
#6 {main}
CRITICAL - 2023-01-16 08:12:04 --> strpos(): Argument #1 ($haystack) must be of type string, array given
#0 /var/www/html/aroma/system/Router/Router.php(421): strpos()
#1 /var/www/html/aroma/system/Router/Router.php(154): CodeIgniter\Router\Router->checkRoutes()
#2 /var/www/html/aroma/system/CodeIgniter.php(719): CodeIgniter\Router\Router->handle()
#3 /var/www/html/aroma/system/CodeIgniter.php(361): CodeIgniter\CodeIgniter->tryToRouteIt()
#4 /var/www/html/aroma/system/CodeIgniter.php(320): CodeIgniter\CodeIgniter->handleRequest()
#5 /var/www/html/aroma/public/index.php(37): CodeIgniter\CodeIgniter->run()
#6 {main}
CRITICAL - 2023-01-16 08:12:15 --> strpos(): Argument #1 ($haystack) must be of type string, array given
#0 /var/www/html/aroma/system/Router/Router.php(421): strpos()
#1 /var/www/html/aroma/system/Router/Router.php(154): CodeIgniter\Router\Router->checkRoutes()
#2 /var/www/html/aroma/system/CodeIgniter.php(719): CodeIgniter\Router\Router->handle()
#3 /var/www/html/aroma/system/CodeIgniter.php(361): CodeIgniter\CodeIgniter->tryToRouteIt()
#4 /var/www/html/aroma/system/CodeIgniter.php(320): CodeIgniter\CodeIgniter->handleRequest()
#5 /var/www/html/aroma/public/index.php(37): CodeIgniter\CodeIgniter->run()
#6 {main}
CRITICAL - 2023-01-16 10:58:01 --> strpos(): Argument #1 ($haystack) must be of type string, array given
#0 /var/www/html/aroma/system/Router/Router.php(421): strpos()
#1 /var/www/html/aroma/system/Router/Router.php(154): CodeIgniter\Router\Router->checkRoutes()
#2 /var/www/html/aroma/system/CodeIgniter.php(719): CodeIgniter\Router\Router->handle()
#3 /var/www/html/aroma/system/CodeIgniter.php(361): CodeIgniter\CodeIgniter->tryToRouteIt()
#4 /var/www/html/aroma/system/CodeIgniter.php(320): CodeIgniter\CodeIgniter->handleRequest()
#5 /var/www/html/aroma/public/index.php(37): CodeIgniter\CodeIgniter->run()
#6 {main}
CRITICAL - 2023-01-16 10:58:29 --> strpos(): Argument #1 ($haystack) must be of type string, array given
#0 /var/www/html/aroma/system/Router/Router.php(421): strpos()
#1 /var/www/html/aroma/system/Router/Router.php(154): CodeIgniter\Router\Router->checkRoutes()
#2 /var/www/html/aroma/system/CodeIgniter.php(719): CodeIgniter\Router\Router->handle()
#3 /var/www/html/aroma/system/CodeIgniter.php(361): CodeIgniter\CodeIgniter->tryToRouteIt()
#4 /var/www/html/aroma/system/CodeIgniter.php(320): CodeIgniter\CodeIgniter->handleRequest()
#5 /var/www/html/aroma/public/index.php(37): CodeIgniter\CodeIgniter->run()
#6 {main}
CRITICAL - 2023-01-16 10:59:04 --> strpos(): Argument #1 ($haystack) must be of type string, array given
#0 /var/www/html/aroma/system/Router/Router.php(421): strpos()
#1 /var/www/html/aroma/system/Router/Router.php(154): CodeIgniter\Router\Router->checkRoutes()
#2 /var/www/html/aroma/system/CodeIgniter.php(719): CodeIgniter\Router\Router->handle()
#3 /var/www/html/aroma/system/CodeIgniter.php(361): CodeIgniter\CodeIgniter->tryToRouteIt()
#4 /var/www/html/aroma/system/CodeIgniter.php(320): CodeIgniter\CodeIgniter->handleRequest()
#5 /var/www/html/aroma/public/index.php(37): CodeIgniter\CodeIgniter->run()
#6 {main}
CRITICAL - 2023-01-16 10:59:25 --> strpos(): Argument #1 ($haystack) must be of type string, array given
#0 /var/www/html/aroma/system/Router/Router.php(421): strpos()
#1 /var/www/html/aroma/system/Router/Router.php(154): CodeIgniter\Router\Router->checkRoutes()
#2 /var/www/html/aroma/system/CodeIgniter.php(719): CodeIgniter\Router\Router->handle()
#3 /var/www/html/aroma/system/CodeIgniter.php(361): CodeIgniter\CodeIgniter->tryToRouteIt()
#4 /var/www/html/aroma/system/CodeIgniter.php(320): CodeIgniter\CodeIgniter->handleRequest()
#5 /var/www/html/aroma/public/index.php(37): CodeIgniter\CodeIgniter->run()
#6 {main}
CRITICAL - 2023-01-16 10:59:35 --> syntax error, unexpected token "."
#0 /var/www/html/aroma/system/Autoloader/Autoloader.php(241): CodeIgniter\Autoloader\Autoloader->includeFile()
#1 /var/www/html/aroma/system/Autoloader/Autoloader.php(219): CodeIgniter\Autoloader\Autoloader->loadInNamespace()
#2 [internal function]: CodeIgniter\Autoloader\Autoloader->loadClass()
#3 /var/www/html/aroma/system/Router/Router.php(400): is_callable()
#4 /var/www/html/aroma/system/Router/Router.php(154): CodeIgniter\Router\Router->checkRoutes()
#5 /var/www/html/aroma/system/CodeIgniter.php(719): CodeIgniter\Router\Router->handle()
#6 /var/www/html/aroma/system/CodeIgniter.php(361): CodeIgniter\CodeIgniter->tryToRouteIt()
#7 /var/www/html/aroma/system/CodeIgniter.php(320): CodeIgniter\CodeIgniter->handleRequest()
#8 /var/www/html/aroma/public/index.php(37): CodeIgniter\CodeIgniter->run()
#9 {main}
CRITICAL - 2023-01-16 10:59:47 --> strpos(): Argument #1 ($haystack) must be of type string, array given
#0 /var/www/html/aroma/system/Router/Router.php(421): strpos()
#1 /var/www/html/aroma/system/Router/Router.php(154): CodeIgniter\Router\Router->checkRoutes()
#2 /var/www/html/aroma/system/CodeIgniter.php(719): CodeIgniter\Router\Router->handle()
#3 /var/www/html/aroma/system/CodeIgniter.php(361): CodeIgniter\CodeIgniter->tryToRouteIt()
#4 /var/www/html/aroma/system/CodeIgniter.php(320): CodeIgniter\CodeIgniter->handleRequest()
#5 /var/www/html/aroma/public/index.php(37): CodeIgniter\CodeIgniter->run()
#6 {main}
CRITICAL - 2023-01-16 11:03:20 --> strpos(): Argument #1 ($haystack) must be of type string, array given
#0 /var/www/html/aroma/system/Router/Router.php(421): strpos()
#1 /var/www/html/aroma/system/Router/Router.php(154): CodeIgniter\Router\Router->checkRoutes()
#2 /var/www/html/aroma/system/CodeIgniter.php(719): CodeIgniter\Router\Router->handle()
#3 /var/www/html/aroma/system/CodeIgniter.php(361): CodeIgniter\CodeIgniter->tryToRouteIt()
#4 /var/www/html/aroma/system/CodeIgniter.php(320): CodeIgniter\CodeIgniter->handleRequest()
#5 /var/www/html/aroma/public/index.php(37): CodeIgniter\CodeIgniter->run()
#6 {main}
CRITICAL - 2023-01-16 11:06:18 --> strpos(): Argument #1 ($haystack) must be of type string, array given
#0 /var/www/html/aroma/system/Router/Router.php(421): strpos()
#1 /var/www/html/aroma/system/Router/Router.php(154): CodeIgniter\Router\Router->checkRoutes()
#2 /var/www/html/aroma/system/CodeIgniter.php(719): CodeIgniter\Router\Router->handle()
#3 /var/www/html/aroma/system/CodeIgniter.php(361): CodeIgniter\CodeIgniter->tryToRouteIt()
#4 /var/www/html/aroma/system/CodeIgniter.php(320): CodeIgniter\CodeIgniter->handleRequest()
#5 /var/www/html/aroma/public/index.php(37): CodeIgniter\CodeIgniter->run()
#6 {main}
CRITICAL - 2023-01-16 11:09:19 --> strpos(): Argument #1 ($haystack) must be of type string, array given
#0 /var/www/html/aroma/system/Router/Router.php(421): strpos()
#1 /var/www/html/aroma/system/Router/Router.php(154): CodeIgniter\Router\Router->checkRoutes()
#2 /var/www/html/aroma/system/CodeIgniter.php(719): CodeIgniter\Router\Router->handle()
#3 /var/www/html/aroma/system/CodeIgniter.php(361): CodeIgniter\CodeIgniter->tryToRouteIt()
#4 /var/www/html/aroma/system/CodeIgniter.php(320): CodeIgniter\CodeIgniter->handleRequest()
#5 /var/www/html/aroma/public/index.php(37): CodeIgniter\CodeIgniter->run()
#6 {main}
CRITICAL - 2023-01-16 11:12:15 --> Undefined constant "hai"
#0 /var/www/html/aroma/system/View/View.php(210): include()
#1 /var/www/html/aroma/system/View/View.php(213): CodeIgniter\View\View->CodeIgniter\View\{closure}()
#2 /var/www/html/aroma/system/Common.php(1089): CodeIgniter\View\View->render()
#3 /var/www/html/aroma/app/Controllers/Pages.php(24): view()
#4 /var/www/html/aroma/system/CodeIgniter.php(825): App\Controllers\Pages->view()
#5 /var/www/html/aroma/system/CodeIgniter.php(412): CodeIgniter\CodeIgniter->runController()
#6 /var/www/html/aroma/system/CodeIgniter.php(320): CodeIgniter\CodeIgniter->handleRequest()
#7 /var/www/html/aroma/public/index.php(37): CodeIgniter\CodeIgniter->run()
#8 {main}
CRITICAL - 2023-01-16 11:12:30 --> syntax error, unexpected token "echo"
#0 /var/www/html/aroma/system/View/View.php(213): CodeIgniter\View\View->CodeIgniter\View\{closure}()
#1 /var/www/html/aroma/system/Common.php(1089): CodeIgniter\View\View->render()
#2 /var/www/html/aroma/app/Controllers/Pages.php(24): view()
#3 /var/www/html/aroma/system/CodeIgniter.php(825): App\Controllers\Pages->view()
#4 /var/www/html/aroma/system/CodeIgniter.php(412): CodeIgniter\CodeIgniter->runController()
#5 /var/www/html/aroma/system/CodeIgniter.php(320): CodeIgniter\CodeIgniter->handleRequest()
#6 /var/www/html/aroma/public/index.php(37): CodeIgniter\CodeIgniter->run()
#7 {main}
CRITICAL - 2023-01-16 11:14:48 --> CodeIgniter\Router\RouteCollection::get(): Argument #3 ($options) must be of type ?array, string given, called in /var/www/html/aroma/app/Config/Routes.php on line 38
#0 /var/www/html/aroma/app/Config/Routes.php(38): CodeIgniter\Router\RouteCollection->get()
#1 /var/www/html/aroma/system/CodeIgniter.php(706): require('...')
#2 /var/www/html/aroma/system/CodeIgniter.php(361): CodeIgniter\CodeIgniter->tryToRouteIt()
#3 /var/www/html/aroma/system/CodeIgniter.php(320): CodeIgniter\CodeIgniter->handleRequest()
#4 /var/www/html/aroma/public/index.php(37): CodeIgniter\CodeIgniter->run()
#5 {main}
CRITICAL - 2023-01-16 11:19:09 --> strpos(): Argument #1 ($haystack) must be of type string, array given
#0 /var/www/html/aroma/system/Router/Router.php(421): strpos()
#1 /var/www/html/aroma/system/Router/Router.php(154): CodeIgniter\Router\Router->checkRoutes()
#2 /var/www/html/aroma/system/CodeIgniter.php(719): CodeIgniter\Router\Router->handle()
#3 /var/www/html/aroma/system/CodeIgniter.php(361): CodeIgniter\CodeIgniter->tryToRouteIt()
#4 /var/www/html/aroma/system/CodeIgniter.php(320): CodeIgniter\CodeIgniter->handleRequest()
#5 /var/www/html/aroma/public/index.php(37): CodeIgniter\CodeIgniter->run()
#6 {main}
CRITICAL - 2023-01-16 11:19:33 --> strpos(): Argument #1 ($haystack) must be of type string, array given
#0 /var/www/html/aroma/system/Router/Router.php(421): strpos()
#1 /var/www/html/aroma/system/Router/Router.php(154): CodeIgniter\Router\Router->checkRoutes()
#2 /var/www/html/aroma/system/CodeIgniter.php(719): CodeIgniter\Router\Router->handle()
#3 /var/www/html/aroma/system/CodeIgniter.php(361): CodeIgniter\CodeIgniter->tryToRouteIt()
#4 /var/www/html/aroma/system/CodeIgniter.php(320): CodeIgniter\CodeIgniter->handleRequest()
#5 /var/www/html/aroma/public/index.php(37): CodeIgniter\CodeIgniter->run()
#6 {main}
CRITICAL - 2023-01-16 22:33:43 --> Invalid file: templates/header.php
#0 /var/www/html/aroma/system/View/View.php(198): CodeIgniter\Exceptions\FrameworkException::forInvalidFile()
#1 /var/www/html/aroma/system/Common.php(1089): CodeIgniter\View\View->render()
#2 /var/www/html/aroma/app/Controllers/Pages.php(23): view()
#3 /var/www/html/aroma/system/CodeIgniter.php(825): App\Controllers\Pages->view()
#4 /var/www/html/aroma/system/CodeIgniter.php(412): CodeIgniter\CodeIgniter->runController()
#5 /var/www/html/aroma/system/CodeIgniter.php(320): CodeIgniter\CodeIgniter->handleRequest()
#6 /var/www/html/aroma/public/index.php(37): CodeIgniter\CodeIgniter->run()
#7 {main}
CRITICAL - 2023-01-16 23:08:36 --> Invalid file: home.php
#0 /var/www/html/aroma/system/View/View.php(198): CodeIgniter\Exceptions\FrameworkException::forInvalidFile()
#1 /var/www/html/aroma/system/Common.php(1089): CodeIgniter\View\View->render()
#2 /var/www/html/aroma/app/Controllers/Pages.php(11): view()
#3 /var/www/html/aroma/system/CodeIgniter.php(825): App\Controllers\Pages->index()
#4 /var/www/html/aroma/system/CodeIgniter.php(412): CodeIgniter\CodeIgniter->runController()
#5 /var/www/html/aroma/system/CodeIgniter.php(320): CodeIgniter\CodeIgniter->handleRequest()
#6 /var/www/html/aroma/public/index.php(37): CodeIgniter\CodeIgniter->run()
#7 {main}
CRITICAL - 2023-01-16 23:08:44 --> Invalid file: home.php
#0 /var/www/html/aroma/system/View/View.php(198): CodeIgniter\Exceptions\FrameworkException::forInvalidFile()
#1 /var/www/html/aroma/system/Common.php(1089): CodeIgniter\View\View->render()
#2 /var/www/html/aroma/app/Controllers/Pages.php(11): view()
#3 /var/www/html/aroma/system/CodeIgniter.php(825): App\Controllers\Pages->index()
#4 /var/www/html/aroma/system/CodeIgniter.php(412): CodeIgniter\CodeIgniter->runController()
#5 /var/www/html/aroma/system/CodeIgniter.php(320): CodeIgniter\CodeIgniter->handleRequest()
#6 /var/www/html/aroma/public/index.php(37): CodeIgniter\CodeIgniter->run()
#7 {main}
CRITICAL - 2023-01-16 23:09:03 --> Invalid file: home.php
#0 /var/www/html/aroma/system/View/View.php(198): CodeIgniter\Exceptions\FrameworkException::forInvalidFile()
#1 /var/www/html/aroma/system/Common.php(1089): CodeIgniter\View\View->render()
#2 /var/www/html/aroma/app/Controllers/Pages.php(11): view()
#3 /var/www/html/aroma/system/CodeIgniter.php(825): App\Controllers\Pages->index()
#4 /var/www/html/aroma/system/CodeIgniter.php(412): CodeIgniter\CodeIgniter->runController()
#5 /var/www/html/aroma/system/CodeIgniter.php(320): CodeIgniter\CodeIgniter->handleRequest()
#6 /var/www/html/aroma/public/index.php(37): CodeIgniter\CodeIgniter->run()
#7 {main}
CRITICAL - 2023-01-16 23:11:37 --> Invalid file: pages/Home.php
#0 /var/www/html/aroma/system/View/View.php(198): CodeIgniter\Exceptions\FrameworkException::forInvalidFile()
#1 /var/www/html/aroma/system/Common.php(1089): CodeIgniter\View\View->render()
#2 /var/www/html/aroma/app/Controllers/Pages.php(13): view()
#3 /var/www/html/aroma/system/CodeIgniter.php(825): App\Controllers\Pages->index()
#4 /var/www/html/aroma/system/CodeIgniter.php(412): CodeIgniter\CodeIgniter->runController()
#5 /var/www/html/aroma/system/CodeIgniter.php(320): CodeIgniter\CodeIgniter->handleRequest()
#6 /var/www/html/aroma/public/index.php(37): CodeIgniter\CodeIgniter->run()
#7 {main}
